make.exe all --print-data-base --no-builtin-variables --no-builtin-rules --question
# GNU Make 4.2.1_st_20200221-0903_longpath
# Built for x86_64-w64-mingw32
# Copyright (C) 1988-2016 Free Software Foundation, Inc.
# License GPLv3+: GNU GPL version 3 or later <http://gnu.org/licenses/gpl.html>
# This is free software: you are free to change and redistribute it.
# There is NO WARRANTY, to the extent permitted by law.
 

# Make data base, printed on Tue Jul 26 00:28:52 2022

# Variables

# 'override' directive
GNUMAKEFLAGS := 
# automatic
<D = $(patsubst %/,%,$(patsubst %\,%,$(dir $<)))
# automatic
?F = $(notdir $?)
# default
.SHELLFLAGS := -c
# makefile (from 'Makefile', line 160)
LDSCRIPT = STM32F427IIHx_FLASH.ld
# makefile
MAKEFLAGS = pqrR
# makefile (from 'Makefile', line 16)
TARGET = chassisctrl
# automatic
?D = $(patsubst %/,%,$(patsubst %\,%,$(dir $?)))
# environment
PLATFORMIO_IDE = 2.5.0
# makefile (from 'Makefile', line 118)
AS_DEFS = 
# environment
EIDE_TOOL_GCC_RISCV = C:\Users\94736\.eide\tools\gcc_riscv\bin
# makefile (from 'Makefile', line 127)
AS_INCLUDES = -IInc
# automatic
@D = $(patsubst %/,%,$(patsubst %\,%,$(dir $@)))
# environment
HOMEDRIVE = C:
# automatic
@F = $(notdir $@)
# automatic
^D = $(patsubst %/,%,$(patsubst %\,%,$(dir $^)))
# makefile
CURDIR := c:/MXI4/MXI4/ctrlcode/chassisboard/chassisctrl
# default
SHELL := C:/Program Files/Git/usr/bin/sh.exe
# makefile (from 'Makefile', line 99)
BIN = $(CP 
) -O binary -S
# environment
WINDIR = C:\WINDOWS
# environment
VSCODE_NLS_CONFIG = {"locale":"zh-cn","availableLanguages":{"*":"zh-cn"},"_languagePackId":"1d735750dbb1b9066c7513078396ba0f.zh-cn","_translationsConfigFile":"C:\\Users\\94736\\AppData\\Roaming\\Code\\clp\\1d735750dbb1b9066c7513078396ba0f.zh-cn\\tcf.json","_cacheRoot":"C:\\Users\\94736\\AppData\\Roaming\\Code\\clp\\1d735750dbb1b9066c7513078396ba0f.zh-cn","_resolvedLanguagePackCoreLocation":"C:\\Users\\94736\\AppData\\Roaming\\Code\\clp\\1d735750dbb1b9066c7513078396ba0f.zh-cn\\3b889b090b5ad5793f524b5d1d39fda662b96a2a","_corruptedFile":"C:\\Users\\94736\\AppData\\Roaming\\Code\\clp\\1d735750dbb1b9066c7513078396ba0f.zh-cn\\corrupted.info","_languagePackSupport":true}
# makefile (from 'Makefile', line 96)
SZ = $(PREFIX)size
# makefile (from 'Makefile', line 153)
CFLAGS = $(MCU) $(C_DEFS) $(C_INCLUDES) $(OPT) -Wall -fdata-sections -ffunction-sections -g -gdwarf-2 -MMD -MP -MF"$(@:%.o=%.d)"
# environment
ONEDRIVE = C:\Users\94736\OneDrive
# environment
PATHEXT = .COM;.EXE;.BAT;.CMD;.VBS;.VBE;.JS;.JSE;.WSF;.WSH;.MSC
# makefile (from 'Makefile', line 1)
MAKEFILE_LIST :=  Makefile
# makefile (from 'Makefile', line 95)
CP = $(PREFIX)objcopy
# makefile (from 'Makefile', line 23)
DEBUG = 1
# environment
TMP = C:\Users\94736\AppData\Local\Temp
# makefile (from 'Makefile', line 94)
AS = $(PREFIX)gcc -x assembler-with-cpp
# environment
PROGRAMW6432 = C:\Program Files
# environment
PROGRAMDATA = C:\ProgramData
# environment
VSCODE_CWD = C:\WINDOWS\system32
# makefile (from 'Makefile', line 25)
OPT = -Og
# default
MAKE_HOST := x86_64-w64-mingw32
# environment
NO_PROXY = 127.0.0.1
# environment
COMMONPROGRAMW6432 = C:\Program Files\Common Files
# environment
PROCESSOR_ARCHITECTURE = AMD64
# environment
USERPROFILE = C:\Users\94736
# environment
ALLUSERSPROFILE = C:\ProgramData
# environment
EIDE_TOOL_JLINK = C:\Users\94736\.eide\tools\jlink
# environment
NUMBER_OF_PROCESSORS = 12
# environment
ELECTRON_RUN_AS_NODE = 1
# makefile (from 'Makefile', line 165)
LDFLAGS = $(MCU) -specs=nano.specs -T$(LDSCRIPT) $(LIBDIR) $(LIBS) -Wl,-Map=$(BUILD_DIR)/$(TARGET).map,--cref -Wl,--gc-sections
# default
.FEATURES := target-specific order-only second-expansion else-if shortest-stem undefine oneshell archives jobserver output-sync
# automatic
%F = $(notdir $%)
# environment
CHROME_CRASHPAD_PIPE_NAME = \\.\pipe\crashpad_15160_HIHVJLXJRMUEGVXO
# makefile (from 'Makefile', line 77)
ASM_SOURCES = startup_stm32f427xx.s
# environment
EIDE_TOOL_SDCC = C:\Users\94736\.eide\tools\sdcc\bin
# environment
PLATFORMIO_PATH = C:\Users\94736\.platformio\python3;C:\WINDOWS\system32;C:\WINDOWS;C:\WINDOWS\System32\Wbem;C:\WINDOWS\System32\WindowsPowerShell\v1.0\;C:\WINDOWS\System32\OpenSSH\;C:\Program Files\usbipd-win\;C:\Program Files\dotnet\;C:\Program Files\Docker\Docker\resources\bin;C:\ProgramData\DockerDesktop\version-bin;C:\Program Files (x86)\STMicroelectronics\STM32 ST-LINK Utility\ST-LINK Utility;C:\Program Files\Git\cmd;C:\Users\94736\AppData\Local\Microsoft\WindowsApps;C:\Users\94736\AppData\Local\Programs\Microsoft VS Code\bin;C:\msys64\mingw64\bin;C:\Program Files (x86)\GNU Arm Embedded Toolchain\10 2021.10\bin;C:\openocd-20211118\OpenOCD-20211118-0.11.0\bin;C:\Program Files\Git\usr\bin;C:\Users\94736\.eide\bin\builder\bin;C:\Users\94736\.eide\bin\builder\utils;C:\Users\94736\.eide\bin\scripts;C:\Users\94736\.eide\tools\gcc_arm\bin;C:\Users\94736\.eide\tools\jlink;C:\Users\94736\.eide\tools\openocd\bin;C:\Users\94736\.eide\tools\gcc_riscv\bin;C:\Users\94736\.eide\tools\sdcc\bin;C:\Users\94736\.eide\tools\st_cube_programer\bin;C:\Users\94736\.eide\bin\builder\msys\bin;C:\WINDOWS\system32;C:\WINDOWS;C:\WINDOWS\System32\Wbem;C:\WINDOWS\System32\WindowsPowerShell\v1.0\;C:\WINDOWS\System32\OpenSSH\;C:\Program Files\usbipd-win\;C:\Program Files\dotnet\;C:\Program Files\Docker\Docker\resources\bin;C:\ProgramData\DockerDesktop\version-bin;C:\Program Files (x86)\STMicroelectronics\STM32 ST-LINK Utility\ST-LINK Utility;C:\Program Files\Git\cmd;C:\Users\94736\AppData\Local\Microsoft\WindowsApps;C:\Users\94736\AppData\Local\Programs\Microsoft VS Code\bin;C:\msys64\mingw64\bin;C:\Program Files (x86)\GNU Arm Embedded Toolchain\10 2021.10\bin;C:\openocd-20211118\OpenOCD-20211118-0.11.0\bin;C:\Program Files\Git\usr\bin;C:\Users\94736\.eide\bin\builder\bin;C:\Users\94736\.eide\bin\builder\utils;C:\Users\94736\.eide\bin\scripts;C:\Users\94736\.eide\tools\gcc_arm\bin;C:\Users\94736\.eide\tools\jlink;C:\Users\94736\.eide\tools\openocd\bin;C:\Users\94736\.eide\tools\gcc_riscv\bin;C:\Users\94736\.eide\tools\sdcc\bin;C:\Users\94736\.eide\tools\st_cube_programer\bin;C:\Users\94736\.eide\bin\builder\msys\bin
# environment
COMPUTERNAME = DESKTOP-CTQBUVL
# environment
PROGRAMFILES = C:\Program Files
# default
.LOADED := 
# environment
DRIVERDATA = C:\Windows\System32\Drivers\DriverData
# environment
ORIGINAL_XDG_CURRENT_DESKTOP = undefined
# environment
USERNAME = 94736
# environment
PUBLIC = C:\Users\Public
# environment
VSCODE_AMD_ENTRYPOINT = vs/workbench/api/node/extensionHostProcess
# environment
VSCODE_CODE_CACHE_PATH = C:\Users\94736\AppData\Roaming\Code\CachedData\3b889b090b5ad5793f524b5d1d39fda662b96a2a
# environment
APPLICATION_INSIGHTS_NO_DIAGNOSTIC_CHANNEL = 1
# environment
COMMONPROGRAMFILES = C:\Program Files\Common Files
# environment
LOGONSERVER = \\DESKTOP-CTQBUVL
# makefile (from 'Makefile', line 84)
PREFIX = arm-none-eabi-
# environment
ONEDRIVECONSUMER = C:\Users\94736\OneDrive
# environment
VSCODE_HANDLES_UNCAUGHT_ERRORS = true
# environment
USERDOMAIN = DESKTOP-CTQBUVL
# makefile (from 'Makefile', line 121)
C_DEFS = -DUSE_HAL_DRIVER -DSTM32F427xx
# environment
MAKELEVEL := 0
# makefile (from 'Makefile', line 114)
MCU = $(CPU) -mthumb $(FPU) $(FLOAT-ABI)
# environment
EIDE_TOOL_OPENOCD = C:\Users\94736\.eide\tools\openocd\bin
# default
MAKE = $(MAKE_COMMAND)
# default
MAKECMDGOALS := all
# environment
PATH = C:\WINDOWS\system32;C:\WINDOWS;C:\WINDOWS\System32\Wbem;C:\WINDOWS\System32\WindowsPowerShell\v1.0\;C:\WINDOWS\System32\OpenSSH\;C:\Program Files\usbipd-win\;C:\Program Files\dotnet\;C:\Program Files\Docker\Docker\resources\bin;C:\ProgramData\DockerDesktop\version-bin;C:\Program Files (x86)\STMicroelectronics\STM32 ST-LINK Utility\ST-LINK Utility;C:\Program Files\Git\cmd;C:\Users\94736\AppData\Local\Microsoft\WindowsApps;C:\Users\94736\AppData\Local\Programs\Microsoft VS Code\bin;C:\msys64\mingw64\bin;C:\Program Files (x86)\GNU Arm Embedded Toolchain\10 2021.10\bin;C:\openocd-20211118\OpenOCD-20211118-0.11.0\bin;C:\Program Files\Git\usr\bin;C:\Users\94736\.eide\bin\builder\bin;C:\Users\94736\.eide\bin\builder\utils;C:\Users\94736\.eide\bin\scripts;C:\Users\94736\.eide\tools\gcc_arm\bin;C:\Users\94736\.eide\tools\jlink;C:\Users\94736\.eide\tools\openocd\bin;C:\Users\94736\.eide\tools\gcc_riscv\bin;C:\Users\94736\.eide\tools\sdcc\bin;C:\Users\94736\.eide\tools\st_cube_programer\bin;C:\Users\94736\.eide\bin\builder\msys\bin
# makefile (from 'Makefile', line 111)
FLOAT-ABI = -mfloat-abi=hard
# makefile (from 'Makefile', line 98)
HEX = $(CP) -O ihex
# makefile (from 'Makefile', line 93)
CC = $(PREFIX)gcc
# makefile (from 'Makefile', line 32)
BUILD_DIR = build
# makefile (from 'Makefile', line 143)
ASFLAGS = $(MCU) $(AS_DEFS) $(AS_INCLUDES) $(OPT) -Wall -fdata-sections -ffunction-sections
# default
MAKE_VERSION := 4.2.1_st_20200221-0903_longpath
# makefile
.DEFAULT_GOAL := all
# environment
PROGRAMFILES(X86) = C:\Program Files (x86)
# environment
EIDE_MSYS = C:\Users\94736\.eide\bin\builder\msys\bin
# automatic
%D = $(patsubst %/,%,$(patsubst %\,%,$(dir $%)))
# makefile (from 'Makefile', line 105)
CPU = -mcpu=cortex-m4
# makefile (from 'Makefile', line 108)
FPU = -mfpu=fpv4-sp-d16
# environment
LOCALAPPDATA = C:\Users\94736\AppData\Local
# environment
PSMODULEPATH = C:\Program Files\WindowsPowerShell\Modules;C:\WINDOWS\system32\WindowsPowerShell\v1.0\Modules
# default
MAKE_COMMAND := make.exe
# makefile (from 'Makefile', line 164)
LIBDIR = 
# default
.VARIABLES := 
# automatic
*F = $(notdir $*)
# environment
PROCESSOR_IDENTIFIER = Intel64 Family 6 Model 166 Stepping 0, GenuineIntel
# environment
OS = Windows_NT
# environment
VSCODE_IPC_HOOK = \\.\pipe\ac32420e4cb64ccc3120873bc670bc1c-1.69.2-main-sock
# environment
HOMEPATH = \Users\94736
# environment
COMMONPROGRAMFILES(X86) = C:\Program Files (x86)\Common Files
# environment
PROMPT = $P$G
# environment
MFLAGS = -pqrR
# automatic
*D = $(patsubst %/,%,$(patsubst %\,%,$(dir $*)))
# environment
SYSTEMROOT = C:\WINDOWS
# automatic
+D = $(patsubst %/,%,$(patsubst %\,%,$(dir $+)))
# environment
EIDE_TOOL_GCC_ARM = C:\Users\94736\.eide\tools\gcc_arm\bin
# automatic
+F = $(notdir $+)
# environment
APPDATA = C:\Users\94736\AppData\Roaming
# environment
__COMPAT_LAYER = RunAsAdmin
# environment
TEMP = C:\Users\94736\AppData\Local\Temp
# makefile (from 'Makefile', line 131)
C_INCLUDES = -IInc -IDrivers/STM32F4xx_HAL_Driver/Inc -IDrivers/STM32F4xx_HAL_Driver/Inc/Legacy -IMiddlewares/Third_Party/FreeRTOS/Source/include -IMiddlewares/Third_Party/FreeRTOS/Source/CMSIS_RTOS_V2 -IMiddlewares/Third_Party/FreeRTOS/Source/portable/GCC/ARM_CM4F -IDrivers/CMSIS/Device/ST/STM32F4xx/Include -IDrivers/CMSIS/Include
# environment
COMSPEC = C:\WINDOWS\system32\cmd.exe
# default
MAKEFILES := 
# automatic
<F = $(notdir $<)
# environment
PLATFORMIO_CALLER = vscode
# environment
LC_ALL = C
# makefile (from 'Makefile', line 163)
LIBS = -lc -lm -lnosys 
# automatic
^F = $(notdir $^)
# makefile (from 'Makefile', line 38)
C_SOURCES = Src/main.c Src/gpio.c Src/freertos.c Src/can.c Src/dma.c Src/usart.c Src/stm32f4xx_it.c Src/stm32f4xx_hal_msp.c Drivers/STM32F4xx_HAL_Driver/Src/stm32f4xx_hal_can.c Drivers/STM32F4xx_HAL_Driver/Src/stm32f4xx_hal_rcc.c Drivers/STM32F4xx_HAL_Driver/Src/stm32f4xx_hal_rcc_ex.c Drivers/STM32F4xx_HAL_Driver/Src/stm32f4xx_hal_flash.c Drivers/STM32F4xx_HAL_Driver/Src/stm32f4xx_hal_flash_ex.c Drivers/STM32F4xx_HAL_Driver/Src/stm32f4xx_hal_flash_ramfunc.c Drivers/STM32F4xx_HAL_Driver/Src/stm32f4xx_hal_gpio.c Drivers/STM32F4xx_HAL_Driver/Src/stm32f4xx_hal_dma_ex.c Drivers/STM32F4xx_HAL_Driver/Src/stm32f4xx_hal_dma.c Drivers/STM32F4xx_HAL_Driver/Src/stm32f4xx_hal_pwr.c Drivers/STM32F4xx_HAL_Driver/Src/stm32f4xx_hal_pwr_ex.c Drivers/STM32F4xx_HAL_Driver/Src/stm32f4xx_hal_cortex.c Drivers/STM32F4xx_HAL_Driver/Src/stm32f4xx_hal.c Drivers/STM32F4xx_HAL_Driver/Src/stm32f4xx_hal_exti.c Drivers/STM32F4xx_HAL_Driver/Src/stm32f4xx_hal_tim.c Drivers/STM32F4xx_HAL_Driver/Src/stm32f4xx_hal_tim_ex.c Drivers/STM32F4xx_HAL_Driver/Src/stm32f4xx_hal_uart.c Src/system_stm32f4xx.c Middlewares/Third_Party/FreeRTOS/Source/croutine.c Middlewares/Third_Party/FreeRTOS/Source/event_groups.c Middlewares/Third_Party/FreeRTOS/Source/list.c Middlewares/Third_Party/FreeRTOS/Source/queue.c Middlewares/Third_Party/FreeRTOS/Source/stream_buffer.c Middlewares/Third_Party/FreeRTOS/Source/tasks.c Middlewares/Third_Party/FreeRTOS/Source/timers.c Middlewares/Third_Party/FreeRTOS/Source/CMSIS_RTOS_V2/cmsis_os2.c Middlewares/Third_Party/FreeRTOS/Source/portable/MemMang/heap_4.c Middlewares/Third_Party/FreeRTOS/Source/portable/GCC/ARM_CM4F/port.c
# default
SUFFIXES := 
# environment
SYSTEMDRIVE = C:
# environment
PROCESSOR_REVISION = a600
# default
.RECIPEPREFIX := 
# makefile (from 'Makefile', line 178)
OBJECTS = $(addprefix $(BUILD_DIR)/,$(notdir $(C_SOURCES:.c=.o))) $(addprefix $(BUILD_DIR)/,$(notdir $(ASM_SOURCES:.s=.o)))
# environment
LANG = C
# environment
PROCESSOR_LEVEL = 6
# environment
VSCODE_PID = 15160
# environment
EIDE_TOOL_ST_CUBE_PROGRAMER = C:\Users\94736\.eide\tools\st_cube_programer\bin
# environment
DOTNET_CLI_TELEMETRY_OPTOUT = 1
# environment
USERDOMAIN_ROAMINGPROFILE = DESKTOP-CTQBUVL
# variable set hash-table stats:
# Load=126/1024=12%, Rehash=0, Collisions=28/196=14%

# Pattern-specific Variable Values

# No pattern-specific variable values.

# Directories

# . (key c:/MXI4/MXI4/ctrlcode/chassisboard/chassisctrl, mtime 1658661567): 19 files, no impossibilities.
# Middlewares/Third_Party/FreeRTOS/Source/portable/GCC/ARM_CM4F (key c:/MXI4/MXI4/ctrlcode/chassisboard/chassisctrl/Middlewares/Third_Party/FreeRTOS/Source/portable/GCC/ARM_CM4F, mtime 1658661555): 4 files, no impossibilities.
# Src (key c:/MXI4/MXI4/ctrlcode/chassisboard/chassisctrl/Src, mtime 1658661552): 11 files, no impossibilities so far.
# build (key c:/MXI4/MXI4/ctrlcode/chassisboard/chassisctrl/build, mtime 1658316373): 3 files, no impossibilities.
# Middlewares/Third_Party/FreeRTOS/Source (key c:/MXI4/MXI4/ctrlcode/chassisboard/chassisctrl/Middlewares/Third_Party/FreeRTOS/Source, mtime 1658661555): 13 files, no impossibilities.
# Middlewares/Third_Party/FreeRTOS/Source/CMSIS_RTOS_V2 (key c:/MXI4/MXI4/ctrlcode/chassisboard/chassisctrl/Middlewares/Third_Party/FreeRTOS/Source/CMSIS_RTOS_V2, mtime 1658661555): 7 files, no impossibilities.
# Middlewares/Third_Party/FreeRTOS/Source/portable/MemMang (key c:/MXI4/MXI4/ctrlcode/chassisboard/chassisctrl/Middlewares/Third_Party/FreeRTOS/Source/portable/MemMang, mtime 1658661555): 3 files, no impossibilities.
# Drivers/STM32F4xx_HAL_Driver/Src (key c:/MXI4/MXI4/ctrlcode/chassisboard/chassisctrl/Drivers/STM32F4xx_HAL_Driver/Src, mtime 1658661555): 19 files, no impossibilities.

# 79 files, no impossibilities in 8 directories.

# Implicit Rules

build/%.o: %.c Makefile | build
#  recipe to execute (from 'Makefile', line 182):
	$(CC) -c $(CFLAGS) -Wa,-a,-ad,-alms=$(BUILD_DIR)/$(notdir $(<:.c=.lst)) $< -o $@

build/%.o: %.s Makefile | build
#  recipe to execute (from 'Makefile', line 185):
	$(AS) -c $(CFLAGS) $< -o $@

build/%.hex: build/%.elf | build
#  recipe to execute (from 'Makefile', line 192):
	$(HEX) $< $@
	

build/%.bin: build/%.elf | build
#  recipe to execute (from 'Makefile', line 195):
	$(BIN) $< $@	
	

# 4 implicit rules, 0 (0.0%) terminal.

# Files

# Not a target:
build/stm32f4xx_hal_pwr_ex.o:
#  Implicit rule search has not been done.
#  Modification time never checked.
#  File has not been updated.

build/main.o: Src/main.c Makefile | build
#  Implicit rule search has been done.
#  Implicit/static pattern stem: 'main'
#  File does not exist.
#  File has been updated.
#  Needs to be updated (-q is set).
# automatic
# @ := build/main.o
# automatic
# % := 
# automatic
# * := main
# automatic
# + := Src/main.c Makefile
# automatic
# | := build
# automatic
# < := Src/main.c
# automatic
# ^ := Src/main.c Makefile
# automatic
# ? := Src/main.c Makefile
# variable set hash-table stats:
# Load=8/32=25%, Rehash=0, Collisions=1/26=4%
#  recipe to execute (from 'Makefile', line 182):
	$(CC) -c $(CFLAGS) -Wa,-a,-ad,-alms=$(BUILD_DIR)/$(notdir $(<:.c=.lst)) $< -o $@

# Not a target:
build/stm32f4xx_hal_cortex.o:
#  Implicit rule search has not been done.
#  Modification time never checked.
#  File has not been updated.

all: build/chassisctrl.elf build/chassisctrl.hex build/chassisctrl.bin
#  Command line target.
#  Implicit rule search has been done.
#  File does not exist.
#  File has been updated.
#  Needs to be updated (-q is set).
# variable set hash-table stats:
# Load=0/32=0%, Rehash=0, Collisions=0/14=0%

# Not a target:
build/stm32f4xx_hal_flash_ex.o:
#  Implicit rule search has not been done.
#  Modification time never checked.
#  File has not been updated.

# Not a target:
build/usart.o:
#  Implicit rule search has not been done.
#  Modification time never checked.
#  File has not been updated.

# Not a target:
build/heap_4.o:
#  Implicit rule search has not been done.
#  Modification time never checked.
#  File has not been updated.

# Not a target:
build/startup_stm32f427xx.o:
#  Implicit rule search has not been done.
#  Modification time never checked.
#  File has not been updated.

# Not a target:
build/stm32f4xx_hal_dma_ex.o:
#  Implicit rule search has not been done.
#  Modification time never checked.
#  File has not been updated.

# Not a target:
build/stm32f4xx_hal_can.o:
#  Implicit rule search has not been done.
#  Modification time never checked.
#  File has not been updated.

# Not a target:
build/stm32f4xx_hal_msp.o:
#  Implicit rule search has not been done.
#  Modification time never checked.
#  File has not been updated.

# Not a target:
build/cmsis_os2.o:
#  Implicit rule search has not been done.
#  Modification time never checked.
#  File has not been updated.

# Not a target:
build/stm32f4xx_hal_gpio.o:
#  Implicit rule search has not been done.
#  Modification time never checked.
#  File has not been updated.

# Not a target:
build/stm32f4xx_hal.o:
#  Implicit rule search has not been done.
#  Modification time never checked.
#  File has not been updated.

# Not a target:
Makefile:
#  Implicit rule search has been done.
#  Last modified 2022-07-24 19:19:27
#  File has been updated.
#  Successfully updated.

# Not a target:
build/event_groups.o:
#  Implicit rule search has not been done.
#  Modification time never checked.
#  File has not been updated.

# Not a target:
build/dma.o:
#  Implicit rule search has not been done.
#  Modification time never checked.
#  File has not been updated.

# Not a target:
build/gpio.o:
#  Implicit rule search has not been done.
#  Modification time never checked.
#  File has not been updated.

# Not a target:
build/stm32f4xx_hal_exti.o:
#  Implicit rule search has not been done.
#  Modification time never checked.
#  File has not been updated.

build:
#  Implicit rule search has not been done.
#  Last modified 2022-07-20 19:26:13
#  File has been updated.
#  Successfully updated.
#  recipe to execute (from 'Makefile', line 198):
	mkdir $@		

# Not a target:
build/stm32f4xx_hal_flash_ramfunc.o:
#  Implicit rule search has not been done.
#  Modification time never checked.
#  File has not been updated.

# Not a target:
Src/main.c:
#  Implicit rule search has been done.
#  Last modified 2022-07-22 15:18:25
#  File has been updated.
#  Successfully updated.

# Not a target:
build/stm32f4xx_it.o:
#  Implicit rule search has not been done.
#  Modification time never checked.
#  File has not been updated.

# Not a target:
build/stream_buffer.o:
#  Implicit rule search has not been done.
#  Modification time never checked.
#  File has not been updated.

# Not a target:
build/queue.o:
#  Implicit rule search has not been done.
#  Modification time never checked.
#  File has not been updated.

# Not a target:
build/freertos.o:
#  Implicit rule search has not been done.
#  Modification time never checked.
#  File has not been updated.

# Not a target:
build/stm32f4xx_hal_rcc_ex.o:
#  Implicit rule search has not been done.
#  Modification time never checked.
#  File has not been updated.

# Not a target:
build/stm32f4xx_hal_rcc.o:
#  Implicit rule search has not been done.
#  Modification time never checked.
#  File has not been updated.

# Not a target:
build/system_stm32f4xx.o:
#  Implicit rule search has not been done.
#  Modification time never checked.
#  File has not been updated.

# Not a target:
build/chassisctrl.hex:
#  Implicit rule search has not been done.
#  Modification time never checked.
#  File has not been updated.

# Not a target:
.DEFAULT:
#  Implicit rule search has not been done.
#  Modification time never checked.
#  File has not been updated.

# Not a target:
build/stm32f4xx_hal_uart.o:
#  Implicit rule search has not been done.
#  Modification time never checked.
#  File has not been updated.

# Not a target:
build/port.o:
#  Implicit rule search has not been done.
#  Modification time never checked.
#  File has not been updated.

clean:
#  Implicit rule search has not been done.
#  Modification time never checked.
#  File has not been updated.
#  recipe to execute (from 'Makefile', line 204):
	-rm -fR $(BUILD_DIR)

# Not a target:
build/chassisctrl.bin:
#  Implicit rule search has not been done.
#  Modification time never checked.
#  File has not been updated.

# Not a target:
build/stm32f4xx_hal_tim.o:
#  Implicit rule search has not been done.
#  Modification time never checked.
#  File has not been updated.

build/chassisctrl.elf: build/main.o build/gpio.o build/freertos.o build/can.o build/dma.o build/usart.o build/stm32f4xx_it.o build/stm32f4xx_hal_msp.o build/stm32f4xx_hal_can.o build/stm32f4xx_hal_rcc.o build/stm32f4xx_hal_rcc_ex.o build/stm32f4xx_hal_flash.o build/stm32f4xx_hal_flash_ex.o build/stm32f4xx_hal_flash_ramfunc.o build/stm32f4xx_hal_gpio.o build/stm32f4xx_hal_dma_ex.o build/stm32f4xx_hal_dma.o build/stm32f4xx_hal_pwr.o build/stm32f4xx_hal_pwr_ex.o build/stm32f4xx_hal_cortex.o build/stm32f4xx_hal.o build/stm32f4xx_hal_exti.o build/stm32f4xx_hal_tim.o build/stm32f4xx_hal_tim_ex.o build/stm32f4xx_hal_uart.o build/system_stm32f4xx.o build/croutine.o build/event_groups.o build/list.o build/queue.o build/stream_buffer.o build/tasks.o build/timers.o build/cmsis_os2.o build/heap_4.o build/port.o build/startup_stm32f427xx.o Makefile
#  Implicit rule search has not been done.
#  File does not exist.
#  File has been updated.
#  Needs to be updated (-q is set).
# variable set hash-table stats:
# Load=0/32=0%, Rehash=0, Collisions=0/14=0%
#  recipe to execute (from 'Makefile', line 188):
	$(CC) $(OBJECTS) $(LDFLAGS) -o $@
	$(SZ) $@

# Not a target:
build/timers.o:
#  Implicit rule search has not been done.
#  Modification time never checked.
#  File has not been updated.

# Not a target:
build/stm32f4xx_hal_pwr.o:
#  Implicit rule search has not been done.
#  Modification time never checked.
#  File has not been updated.

# Not a target:
build/croutine.o:
#  Implicit rule search has not been done.
#  Modification time never checked.
#  File has not been updated.

# Not a target:
build/stm32f4xx_hal_flash.o:
#  Implicit rule search has not been done.
#  Modification time never checked.
#  File has not been updated.

# Not a target:
build/tasks.o:
#  Implicit rule search has not been done.
#  Modification time never checked.
#  File has not been updated.

# Not a target:
build/can.o:
#  Implicit rule search has not been done.
#  Modification time never checked.
#  File has not been updated.

# Not a target:
build/stm32f4xx_hal_dma.o:
#  Implicit rule search has not been done.
#  Modification time never checked.
#  File has not been updated.

# Not a target:
build/stm32f4xx_hal_tim_ex.o:
#  Implicit rule search has not been done.
#  Modification time never checked.
#  File has not been updated.

# Not a target:
build/list.o:
#  Implicit rule search has not been done.
#  Modification time never checked.
#  File has not been updated.

# files hash-table stats:
# Load=47/1024=5%, Rehash=0, Collisions=8/123=7%
# VPATH Search Paths

vpath %.c Drivers/STM32F4xx_HAL_Driver/Src;Middlewares/Third_Party/FreeRTOS/Source;Middlewares/Third_Party/FreeRTOS/Source/CMSIS_RTOS_V2;Middlewares/Third_Party/FreeRTOS/Source/portable/GCC/ARM_CM4F;Middlewares/Third_Party/FreeRTOS/Source/portable/MemMang;Src

# 1 'vpath' search paths.

# No general ('VPATH' variable) search path.

# strcache buffers: 1 (0) / strings = 122 / storage = 2070 B / avg = 16 B
# current buf: size = 8162 B / used = 2070 B / count = 122 / avg = 16 B

# strcache performance: lookups = 171 / hit rate = 28%
# hash-table stats:
# Load=122/8192=1%, Rehash=0, Collisions=9/171=5%
# Finished Make data base on Tue Jul 26 00:28:52 2022

 
